f:\code\毕设\koaliengine\koaliengine\debug\koaliengine.pdb
f:\code\毕设\koaliengine\koaliengine\debug\koaliengine.idb
f:\code\毕设\koaliengine\koaliengine\debug\vertex.obj
f:\code\毕设\koaliengine\koaliengine\debug\snowsystem.obj
f:\code\毕设\koaliengine\koaliengine\debug\quad.obj
f:\code\毕设\koaliengine\koaliengine\debug\particlesystem.obj
f:\code\毕设\koaliengine\koaliengine\debug\objectmodel.obj
f:\code\毕设\koaliengine\koaliengine\debug\mytransform.obj
f:\code\毕设\koaliengine\koaliengine\debug\materialsmanager.obj
f:\code\毕设\koaliengine\koaliengine\debug\light.obj
f:\code\毕设\koaliengine\koaliengine\debug\koalitexture.obj
f:\code\毕设\koaliengine\koaliengine\debug\koalitext.obj
f:\code\毕设\koaliengine\koaliengine\debug\koalimaterial.obj
f:\code\毕设\koaliengine\koaliengine\debug\koalifrustum.obj
f:\code\毕设\koaliengine\koaliengine\debug\gameobject.obj
f:\code\毕设\koaliengine\koaliengine\debug\enginegraphic.obj
f:\code\毕设\koaliengine\koaliengine\debug\directinputclass.obj
f:\code\毕设\koaliengine\koaliengine\debug\cube.obj
f:\code\毕设\koaliengine\koaliengine\debug\camera.obj
f:\code\毕设\koaliengine\koaliengine\debug\skybox.obj
f:\code\毕设\koaliengine\koaliengine\debug\boundingbox.obj
f:\code\毕设\koaliengine\debug\koaliengine.lib
f:\code\毕设\koaliengine\debug\koaliengine.pdb
f:\code\毕设\koaliengine\koaliengine\debug\koaliengine.tlog\cl.command.1.tlog
f:\code\毕设\koaliengine\koaliengine\debug\koaliengine.tlog\cl.read.1.tlog
f:\code\毕设\koaliengine\koaliengine\debug\koaliengine.tlog\cl.write.1.tlog
f:\code\毕设\koaliengine\koaliengine\debug\koaliengine.tlog\lib-link.read.1.tlog
f:\code\毕设\koaliengine\koaliengine\debug\koaliengine.tlog\lib-link.write.1.tlog
f:\code\毕设\koaliengine\koaliengine\debug\koaliengine.tlog\lib.command.1.tlog
